<?xml version="1.0" encoding="UTF-8"?>
<!-- Generated by org.testng.reporters.JUnitXMLReporter -->
<testsuite ignored="0" hostname="DESKTOP-PHOS8RQ" failures="1" tests="9" name="Test" time="120.765" errors="0" timestamp="2022-05-30T18:35:57 IST">
  <testcase classname="com.SauceDemo.TestClasses.TC06_FilterFunctionality" name="filterFunctionality" time="2.47">
    <failure type="java.lang.AssertionError" message="expected [Name (A to Z)
Name (Z to A)
Price (low to high)
Price (high to low)] but found [Name (Z to A)]">
      <![CDATA[java.lang.AssertionError: expected [Name (A to Z)
Name (Z to A)
Price (low to high)
Price (high to low)] but found [Name (Z to A)]
at com.SauceDemo.TestClasses.TC06_FilterFunctionality.filterFunctionality(TC06_FilterFunctionality.java:30)
at java.base/java.util.ArrayList.forEach(ArrayList.java:1511)
... Removed 33 stack frames]]>
    </failure>
  </testcase> <!-- filterFunctionality -->
  <testcase classname="com.SauceDemo.TestClasses.TC02_AboutPage" name="aboutPage" time="7.549"/>
  <testcase classname="com.SauceDemo.TestClasses.TC09_BuyProduct" name="buyProduct" time="12.648"/>
  <testcase classname="com.SauceDemo.TestClasses.TC08_ProceedCheckout" name="proceedCheckout" time="5.321"/>
  <testcase classname="com.SauceDemo.TestClasses.TC04_MultipleProduct" name="multipleProducts" time="2.986"/>
  <testcase classname="com.SauceDemo.TestClasses.TC01_LoginFunctionality" name="loginFunctionalityTest" time="0.034"/>
  <testcase classname="com.SauceDemo.TestClasses.TC03_SingleProduct" name="singleProductTest" time="2.497"/>
  <testcase classname="com.SauceDemo.TestClasses.TC07_AddToCart" name="addToCart" time="4.816"/>
  <testcase classname="com.SauceDemo.TestClasses.TC05_LogoutFunctionality" name="logoutFunctionality" time="2.479"/>
</testsuite> <!-- Test -->
