<html>
<head>
<title>TestNG:  Test</title>
<link href="../testng.css" rel="stylesheet" type="text/css" />
<link href="../my-testng.css" rel="stylesheet" type="text/css" />

<style type="text/css">
.log { display: none;} 
.stack-trace { display: none;} 
</style>
<script type="text/javascript">
<!--
function flip(e) {
  current = e.style.display;
  if (current == 'block') {
    e.style.display = 'none';
    return 0;
  }
  else {
    e.style.display = 'block';
    return 1;
  }
}

function toggleBox(szDivId, elem, msg1, msg2)
{
  var res = -1;  if (document.getElementById) {
    res = flip(document.getElementById(szDivId));
  }
  else if (document.all) {
    // this is the way old msie versions work
    res = flip(document.all[szDivId]);
  }
  if(elem) {
    if(res == 0) elem.innerHTML = msg1; else elem.innerHTML = msg2;
  }

}

function toggleAllBoxes() {
  if (document.getElementsByTagName) {
    d = document.getElementsByTagName('div');
    for (i = 0; i < d.length; i++) {
      if (d[i].className == 'log') {
        flip(d[i]);
      }
    }
  }
}

// -->
</script>

</head>
<body>
<h2 align='center'>Test</h2><table border='1' align="center">
<tr>
<td>Tests passed/Failed/Skipped:</td><td>8/1/0</td>
</tr><tr>
<td>Started on:</td><td>Mon May 30 18:33:56 IST 2022</td>
</tr>
<tr><td>Total time:</td><td>120 seconds (120765 ms)</td>
</tr><tr>
<td>Included groups:</td><td></td>
</tr><tr>
<td>Excluded groups:</td><td></td>
</tr>
</table><p/>
<small><i>(Hover the method name to see the test class name)</i></small><p/>
<table width='100%' border='1' class='invocation-failed'>
<tr><td colspan='4' align='center'><b>FAILED TESTS</b></td></tr>
<tr><td><b>Test method</b></td>
<td width="30%"><b>Exception</b></td>
<td width="10%"><b>Time (seconds)</b></td>
<td><b>Instance</b></td>
</tr>
<tr>
<td title='com.SauceDemo.TestClasses.TC06_FilterFunctionality.filterFunctionality()'><b>filterFunctionality</b><br>Test class: com.SauceDemo.TestClasses.TC06_FilterFunctionality</td>
<td><div><pre>java.lang.AssertionError: expected [Name (A to Z)
Name (Z to A)
Price (low to high)
Price (high to low)] but found [Name (Z to A)]
	at com.SauceDemo.TestClasses.TC06_FilterFunctionality.filterFunctionality(TC06_FilterFunctionality.java:30)
	at java.base/java.util.ArrayList.forEach(ArrayList.java:1511)
... Removed 33 stack frames</pre></div><a href='#' onClick='toggleBox("stack-trace1264701638", this, "Click to show all stack frames", "Click to hide stack frames")'>Click to show all stack frames</a>
<div class='stack-trace' id='stack-trace1264701638'><pre>java.lang.AssertionError: expected [Name (A to Z)
Name (Z to A)
Price (low to high)
Price (high to low)] but found [Name (Z to A)]
	at org.testng.Assert.fail(Assert.java:99)
	at org.testng.Assert.failNotEquals(Assert.java:1037)
	at org.testng.Assert.assertEqualsImpl(Assert.java:140)
	at org.testng.Assert.assertEquals(Assert.java:122)
	at org.testng.Assert.assertEquals(Assert.java:629)
	at org.testng.Assert.assertEquals(Assert.java:639)
	at com.SauceDemo.TestClasses.TC06_FilterFunctionality.filterFunctionality(TC06_FilterFunctionality.java:30)
	at java.base/jdk.internal.reflect.NativeMethodAccessorImpl.invoke0(Native Method)
	at java.base/jdk.internal.reflect.NativeMethodAccessorImpl.invoke(NativeMethodAccessorImpl.java:77)
	at java.base/jdk.internal.reflect.DelegatingMethodAccessorImpl.invoke(DelegatingMethodAccessorImpl.java:43)
	at java.base/java.lang.reflect.Method.invoke(Method.java:568)
	at org.testng.internal.MethodInvocationHelper.invokeMethod(MethodInvocationHelper.java:133)
	at org.testng.internal.TestInvoker.invokeMethod(TestInvoker.java:598)
	at org.testng.internal.TestInvoker.invokeTestMethod(TestInvoker.java:173)
	at org.testng.internal.MethodRunner.runInSequence(MethodRunner.java:46)
	at org.testng.internal.TestInvoker$MethodInvocationAgent.invoke(TestInvoker.java:824)
	at org.testng.internal.TestInvoker.invokeTestMethods(TestInvoker.java:146)
	at org.testng.internal.TestMethodWorker.invokeTestMethods(TestMethodWorker.java:146)
	at org.testng.internal.TestMethodWorker.run(TestMethodWorker.java:128)
	at java.base/java.util.ArrayList.forEach(ArrayList.java:1511)
	at org.testng.TestRunner.privateRun(TestRunner.java:794)
	at org.testng.TestRunner.run(TestRunner.java:596)
	at org.testng.SuiteRunner.runTest(SuiteRunner.java:377)
	at org.testng.SuiteRunner.runSequentially(SuiteRunner.java:371)
	at org.testng.SuiteRunner.privateRun(SuiteRunner.java:332)
	at org.testng.SuiteRunner.run(SuiteRunner.java:276)
	at org.testng.SuiteRunnerWorker.runSuite(SuiteRunnerWorker.java:53)
	at org.testng.SuiteRunnerWorker.run(SuiteRunnerWorker.java:96)
	at org.testng.TestNG.runSuitesSequentially(TestNG.java:1212)
	at org.testng.TestNG.runSuitesLocally(TestNG.java:1134)
	at org.testng.TestNG.runSuites(TestNG.java:1063)
	at org.testng.TestNG.run(TestNG.java:1031)
	at org.testng.remote.AbstractRemoteTestNG.run(AbstractRemoteTestNG.java:115)
	at org.testng.remote.RemoteTestNG.initAndRun(RemoteTestNG.java:251)
	at org.testng.remote.RemoteTestNG.main(RemoteTestNG.java:77)
</pre></div></td>
<td>2</td>
<td>com.SauceDemo.TestClasses.TC06_FilterFunctionality@662b4c69</td></tr>
</table><p>
<table width='100%' border='1' class='invocation-passed'>
<tr><td colspan='4' align='center'><b>PASSED TESTS</b></td></tr>
<tr><td><b>Test method</b></td>
<td width="30%"><b>Exception</b></td>
<td width="10%"><b>Time (seconds)</b></td>
<td><b>Instance</b></td>
</tr>
<tr>
<td title='com.SauceDemo.TestClasses.TC09_BuyProduct.buyProduct()'><b>buyProduct</b><br>Test class: com.SauceDemo.TestClasses.TC09_BuyProduct</td>
<td></td>
<td>12</td>
<td>com.SauceDemo.TestClasses.TC09_BuyProduct@d5b810e</td></tr>
<tr>
<td title='com.SauceDemo.TestClasses.TC04_MultipleProduct.multipleProducts()'><b>multipleProducts</b><br>Test class: com.SauceDemo.TestClasses.TC04_MultipleProduct</td>
<td></td>
<td>2</td>
<td>com.SauceDemo.TestClasses.TC04_MultipleProduct@342c38f8</td></tr>
<tr>
<td title='com.SauceDemo.TestClasses.TC03_SingleProduct.singleProductTest()'><b>singleProductTest</b><br>Test class: com.SauceDemo.TestClasses.TC03_SingleProduct</td>
<td></td>
<td>2</td>
<td>com.SauceDemo.TestClasses.TC03_SingleProduct@5d0a1059</td></tr>
<tr>
<td title='com.SauceDemo.TestClasses.TC01_LoginFunctionality.loginFunctionalityTest()'><b>loginFunctionalityTest</b><br>Test class: com.SauceDemo.TestClasses.TC01_LoginFunctionality</td>
<td></td>
<td>0</td>
<td>com.SauceDemo.TestClasses.TC01_LoginFunctionality@c88a337</td></tr>
<tr>
<td title='com.SauceDemo.TestClasses.TC02_AboutPage.aboutPage()'><b>aboutPage</b><br>Test class: com.SauceDemo.TestClasses.TC02_AboutPage</td>
<td></td>
<td>7</td>
<td>com.SauceDemo.TestClasses.TC02_AboutPage@2ed2d9cb</td></tr>
<tr>
<td title='com.SauceDemo.TestClasses.TC05_LogoutFunctionality.logoutFunctionality()'><b>logoutFunctionality</b><br>Test class: com.SauceDemo.TestClasses.TC05_LogoutFunctionality</td>
<td></td>
<td>2</td>
<td>com.SauceDemo.TestClasses.TC05_LogoutFunctionality@593aaf41</td></tr>
<tr>
<td title='com.SauceDemo.TestClasses.TC08_ProceedCheckout.proceedCheckout()'><b>proceedCheckout</b><br>Test class: com.SauceDemo.TestClasses.TC08_ProceedCheckout</td>
<td></td>
<td>5</td>
<td>com.SauceDemo.TestClasses.TC08_ProceedCheckout@43dac38f</td></tr>
<tr>
<td title='com.SauceDemo.TestClasses.TC07_AddToCart.addToCart()'><b>addToCart</b><br>Test class: com.SauceDemo.TestClasses.TC07_AddToCart</td>
<td></td>
<td>4</td>
<td>com.SauceDemo.TestClasses.TC07_AddToCart@54bff557</td></tr>
</table><p>
</body>
</html>